[2024-04-23 19:01:33.872752] [6e1721ec-5ee6-4e41-9995-721bda544026] [Авторизация пользователя]
[2024-04-23 19:02:12.788875] [6e1721ec-5ee6-4e41-9995-721bda544026] [Пополнение счета] [Имя: Alfa, Сумма: 4,000.00 RUB, Сведения: sdfsf dsf sdfsaf]
[2024-04-23 19:02:52.278031] [6e1721ec-5ee6-4e41-9995-721bda544026] [Списание со счета] [Имя: Alfa, Сумма: 1,500.00 RUB, Сведения: перевод]
[2024-04-23 19:02:52.284116] [6e1721ec-5ee6-4e41-9995-721bda544026] [Пополнение счета] [Имя: Cash, Сумма: 16.05 USD, Сведения: перевод]
[2024-04-23 19:04:14.807060] [b1babe25-c217-454d-927f-513cae5d9d37] [Авторизация пользователя]
[2024-04-23 19:04:57.147883] [b1babe25-c217-454d-927f-513cae5d9d37] [Создание счета] [Имя: OTP Bank, Валюта: EUR]
[2024-04-23 19:05:14.787271] [b1babe25-c217-454d-927f-513cae5d9d37] [Пополнение счета] [Имя: OTP Bank, Сумма: 6,000.00 EUR, Сведения: asd]
[2024-04-23 19:07:12.695459] [06c2905b-bbb4-4b67-83b3-aa19c4d3811c] [Регистрация нового пользователя]
[2024-04-23 19:07:12.702455] [06c2905b-bbb4-4b67-83b3-aa19c4d3811c] [Создание счета] [Имя: Cash, Валюта: RUB]
[2024-04-23 19:07:54.930171] [06c2905b-bbb4-4b67-83b3-aa19c4d3811c] [Пополнение счета] [Имя: Cash, Сумма: 9,000.00 RUB, Сведения: fsddaaa]
[2024-04-23 19:57:59.994895] [6e1721ec-5ee6-4e41-9995-721bda544026] [Авторизация пользователя]
[2024-04-23 19:58:18.084317] [6e1721ec-5ee6-4e41-9995-721bda544026] [Авторизация пользователя]
[2024-04-23 19:58:30.505078] [6e1721ec-5ee6-4e41-9995-721bda544026] [Авторизация пользователя]
[2024-04-23 19:59:53.071200] [6e1721ec-5ee6-4e41-9995-721bda544026] [Авторизация пользователя]
[2024-04-23 20:00:45.319899] [6e1721ec-5ee6-4e41-9995-721bda544026] [Авторизация пользователя]
[2024-04-23 20:04:15.959708] [6e1721ec-5ee6-4e41-9995-721bda544026] [Авторизация пользователя]
[2024-04-23 20:20:38.917126] [6e1721ec-5ee6-4e41-9995-721bda544026] [Авторизация пользователя]
[2024-04-23 20:20:48.548393] [6e1721ec-5ee6-4e41-9995-721bda544026] [Авторизация пользователя]
[2024-04-23 20:21:49.019616] [6e1721ec-5ee6-4e41-9995-721bda544026] [Авторизация пользователя]
[2024-04-23 20:49:55.192423] [6e1721ec-5ee6-4e41-9995-721bda544026] [Авторизация пользователя]
[2024-04-23 20:50:10.043177] [6e1721ec-5ee6-4e41-9995-721bda544026] [Авторизация пользователя]
[2024-04-23 20:51:01.587962] [6e1721ec-5ee6-4e41-9995-721bda544026] [Авторизация пользователя]
[2024-04-23 20:55:20.361294] [6e1721ec-5ee6-4e41-9995-721bda544026] [Авторизация пользователя]
[2024-04-23 20:58:52.305143] [6e1721ec-5ee6-4e41-9995-721bda544026] [Авторизация пользователя]
[2024-04-23 20:59:29.163575] [6e1721ec-5ee6-4e41-9995-721bda544026] [Авторизация пользователя]
[2024-04-23 22:04:36.282381] [6e1721ec-5ee6-4e41-9995-721bda544026] [Авторизация пользователя]
[2024-04-23 22:05:39.633421] [None] [Выход]
[2024-04-23 22:07:05.552118] [6e1721ec-5ee6-4e41-9995-721bda544026] [Авторизация пользователя]
[2024-04-23 22:08:34.583715] [6e1721ec-5ee6-4e41-9995-721bda544026] [Авторизация пользователя]
[2024-04-23 22:09:01.374799] [None] [Выход]
[2024-04-23 22:25:16.151554] [6e1721ec-5ee6-4e41-9995-721bda544026] [Авторизация пользователя]
[2024-04-23 22:26:14.735866] [6e1721ec-5ee6-4e41-9995-721bda544026] [Создание счета] [Имя: Cash, Валюта: USD]
[2024-04-23 22:26:26.348728] [6e1721ec-5ee6-4e41-9995-721bda544026] [Пополнение счета] [Имя: Cash, Сумма: 6,000.00 USD, Сведения: Нал]
[2024-04-23 22:26:44.488634] [6e1721ec-5ee6-4e41-9995-721bda544026] [Пополнение счета] [Имя: Cash, Сумма: 500.00 USD, Сведения: фыв]
[2024-04-23 22:27:06.512974] [6e1721ec-5ee6-4e41-9995-721bda544026] [Списание со счета] [Имя: Cash, Сумма: 800.00 USD, Сведения: ddddddddd]
[2024-04-23 22:27:28.132717] [6e1721ec-5ee6-4e41-9995-721bda544026] [Создание счета] [Имя: Alfa, Валюта: RUB]
[2024-04-23 22:27:53.000194] [6e1721ec-5ee6-4e41-9995-721bda544026] [Пополнение счета] [Имя: Alfa, Сумма: 9,050.00 RUB, Сведения: dsfsfd]
[2024-04-23 22:28:46.080037] [6e1721ec-5ee6-4e41-9995-721bda544026] [Списание со счета] [Имя: Cash, Сумма: 134.00 USD, Сведения: перевод]
[2024-04-23 22:28:46.088569] [6e1721ec-5ee6-4e41-9995-721bda544026] [Пополнение счета] [Имя: Alfa, Сумма: 12,523.36 RUB, Сведения: перевод]
[2024-04-23 22:33:10.666574] [None] [Выход]
